#
# There is insufficient memory for the Java Runtime Environment to continue.
# Native memory allocation (malloc) failed to allocate 1468784 bytes for Chunk::new
# Possible reasons:
#   The system is out of physical RAM or swap space
#   The process is running with CompressedOops enabled, and the Java Heap may be blocking the growth of the native heap
# Possible solutions:
#   Reduce memory load on the system
#   Increase physical memory or swap space
#   Check if swap backing store is full
#   Decrease Java heap size (-Xmx/-Xms)
#   Decrease number of Java threads
#   Decrease Java thread stack sizes (-Xss)
#   Set larger code cache with -XX:ReservedCodeCacheSize=
#   JVM is running with Unscaled Compressed Oops mode in which the Java heap is
#     placed in the first 4GB address space. The Java Heap base address is the
#     maximum limit for the native heap growth. Please use -XX:HeapBaseMinAddress
#     to set the Java Heap base and to place the Java Heap above 4GB virtual address.
# This output file may be truncated or incomplete.
#
#  Out of Memory Error (allocation.cpp:389), pid=10968, tid=0x0000000000001dd0
#
# JRE version: OpenJDK Runtime Environment (8.0_242-b01) (build 1.8.0_242-release-1644-b01)
# Java VM: OpenJDK 64-Bit Server VM (25.242-b01 mixed mode windows-amd64 compressed oops)
# Failed to write core dump. Minidumps are not enabled by default on client versions of Windows
#

---------------  T H R E A D  ---------------

Current thread (0x0000000017c9a000):  JavaThread "C2 CompilerThread0" daemon [_thread_in_native, id=7632, stack(0x0000000019300000,0x0000000019400000)]

Stack: [0x0000000019300000,0x0000000019400000]
[error occurred during error reporting (printing stack bounds), id 0xc0000005]

Native frames: (J=compiled Java code, j=interpreted, Vv=VM code, C=native code)


Current CompileTask:
C2:   7737 3122       4       org.jetbrains.org.objectweb.asm.ClassReader::readMethod (1047 bytes)


---------------  P R O C E S S  ---------------

Java Threads: ( => current thread )
  0x0000000017cee800 JavaThread "Service Thread" daemon [_thread_blocked, id=9872, stack(0x0000000019a00000,0x0000000019b00000)]
  0x0000000019508800 JavaThread "C1 CompilerThread2" daemon [_thread_blocked, id=12248, stack(0x0000000019900000,0x0000000019a00000)]
  0x0000000017cb7800 JavaThread "C2 CompilerThread1" daemon [_thread_in_native, id=7776, stack(0x0000000019400000,0x0000000019500000)]
=>0x0000000017c9a000 JavaThread "C2 CompilerThread0" daemon [_thread_in_native, id=7632, stack(0x0000000019300000,0x0000000019400000)]
  0x0000000017c98800 JavaThread "Attach Listener" daemon [_thread_blocked, id=10912, stack(0x0000000019200000,0x0000000019300000)]
  0x0000000017c95800 JavaThread "Signal Dispatcher" daemon [_thread_blocked, id=10560, stack(0x0000000019100000,0x0000000019200000)]
  0x0000000017c7b000 JavaThread "Finalizer" daemon [_thread_blocked, id=12476, stack(0x0000000018ee0000,0x0000000018fe0000)]
  0x0000000017c79000 JavaThread "Reference Handler" daemon [_thread_blocked, id=12828, stack(0x0000000018de0000,0x0000000018ee0000)]
  0x0000000003075800 JavaThread "main" [_thread_in_Java, id=4172, stack(0x0000000002f70000,0x0000000003070000)]

Other Threads:
  0x0000000017c56000 VMThread [stack: 0x0000000018ce0000,0x0000000018de0000] [id=8964]
  0x0000000019524800 WatcherThread [stack: 0x0000000019b00000,0x0000000019c00000] [id=10924]

VM state:not at safepoint (normal execution)

VM Mutex/Monitor currently owned by a thread:  ([mutex/lock_event])
[0x0000000003071ed0] SystemDictionary_lock - owner thread: 0x0000000000000000

heap address: 0x0000000081e00000, size: 2018 MB, Compressed Oops mode: 32-bit
Narrow klass base: 0x0000000000000000, Narrow klass shift: 3
Compressed class space size: 1073741824 Address: 0x0000000100000000

Heap:
 PSYoungGen      total 88064K, used 55140K [0x00000000d5f80000, 0x00000000de400000, 0x0000000100000000)
  eden space 71680K, 76% used [0x00000000d5f80000,0x00000000d95592d0,0x00000000da580000)
  from space 16384K, 0% used [0x00000000db580000,0x00000000db580000,0x00000000dc580000)
  to   space 16384K, 0% used [0x00000000da580000,0x00000000da580000,0x00000000db580000)
 ParOldGen       total 66048K, used 14995K [0x0000000081e00000, 0x0000000085e80000, 0x00000000d5f80000)
  object space 66048K, 22% used [0x0000000081e00000,0x0000000082ca4f30,0x0000000085e80000)
 Metaspace       used 39196K, capacity 39790K, committed 39984K, reserved 1083392K
  class space    used 4939K, capacity 5102K, committed 5168K, reserved 1048576K

Card table byte_map: [0x0000000012530000,0x0000000012930000] byte_map_base: 0x0000000012121000

Marking Bits: (ParMarkBitMap*) 0x000000006a88f030
 Begin Bits: [0x0000000012fe0000, 0x0000000014f68000)
 End Bits:   [0x0000000014f68000, 0x0000000016ef0000)

Polling page: 0x00000000015f0000

CodeCache: size=245760Kb used=11059Kb max_used=11077Kb free=234700Kb
 bounds [0x0000000003170000, 0x0000000003c50000, 0x0000000012170000]
 total_blobs=3901 nmethods=3451 adapters=363
 compilation: enabled

Compilation events (10 events):
Event: 7.703 Thread 0x0000000019508800 3487       3       org.jetbrains.kotlin.metadata.deserialization.VersionRequirementTable$Companion::create (42 bytes)
Event: 7.704 Thread 0x0000000019508800 nmethod 3487 0x0000000003c455d0 code [0x0000000003c457a0, 0x0000000003c45f88]
Event: 7.720 Thread 0x0000000019508800 3488       3       org.jetbrains.kotlin.com.intellij.openapi.util.Pair::<init> (15 bytes)
Event: 7.721 Thread 0x0000000019508800 nmethod 3488 0x0000000003c483d0 code [0x0000000003c48520, 0x0000000003c486f0]
Event: 7.722 Thread 0x0000000019508800 3489       1       org.jetbrains.kotlin.serialization.deserialization.DeserializationContext::getContainingDeclaration (5 bytes)
Event: 7.722 Thread 0x0000000019508800 nmethod 3489 0x0000000003291910 code [0x0000000003291a60, 0x0000000003291b70]
Event: 7.722 Thread 0x0000000017cb7800 nmethod 3477 0x0000000003c48790 code [0x0000000003c48b00, 0x0000000003c49b88]
Event: 7.722 Thread 0x0000000017cb7800 3478       4       org.jetbrains.kotlin.load.java.structure.impl.classFiles.BinaryClassSignatureParser::parseTypeWithoutVarianceAndArray (227 bytes)
Event: 7.730 Thread 0x0000000019508800 3490       1       org.jetbrains.kotlin.serialization.deserialization.DeserializationContext::getTypeTable (5 bytes)
Event: 7.730 Thread 0x0000000019508800 nmethod 3490 0x0000000003288110 code [0x0000000003288260, 0x0000000003288370]

GC Heap History (10 events):
Event: 2.792 GC heap before
{Heap before GC invocations=4 (full 1):
 PSYoungGen      total 38400K, used 5092K [0x00000000d5f80000, 0x00000000daa80000, 0x0000000100000000)
  eden space 33280K, 0% used [0x00000000d5f80000,0x00000000d5f80000,0x00000000d8000000)
  from space 5120K, 99% used [0x00000000d8000000,0x00000000d84f9050,0x00000000d8500000)
  to   space 5120K, 0% used [0x00000000da580000,0x00000000da580000,0x00000000daa80000)
 ParOldGen       total 87552K, used 11695K [0x0000000081e00000, 0x0000000087380000, 0x00000000d5f80000)
  object space 87552K, 13% used [0x0000000081e00000,0x000000008296bf10,0x0000000087380000)
 Metaspace       used 20792K, capacity 21192K, committed 21296K, reserved 1069056K
  class space    used 2455K, capacity 2594K, committed 2608K, reserved 1048576K
Event: 2.850 GC heap after
Heap after GC invocations=4 (full 1):
 PSYoungGen      total 38400K, used 0K [0x00000000d5f80000, 0x00000000daa80000, 0x0000000100000000)
  eden space 33280K, 0% used [0x00000000d5f80000,0x00000000d5f80000,0x00000000d8000000)
  from space 5120K, 0% used [0x00000000d8000000,0x00000000d8000000,0x00000000d8500000)
  to   space 5120K, 0% used [0x00000000da580000,0x00000000da580000,0x00000000daa80000)
 ParOldGen       total 66048K, used 9011K [0x0000000081e00000, 0x0000000085e80000, 0x00000000d5f80000)
  object space 66048K, 13% used [0x0000000081e00000,0x00000000826cce20,0x0000000085e80000)
 Metaspace       used 20792K, capacity 21192K, committed 21296K, reserved 1069056K
  class space    used 2455K, capacity 2594K, committed 2608K, reserved 1048576K
}
Event: 3.849 GC heap before
{Heap before GC invocations=5 (full 1):
 PSYoungGen      total 38400K, used 33280K [0x00000000d5f80000, 0x00000000daa80000, 0x0000000100000000)
  eden space 33280K, 100% used [0x00000000d5f80000,0x00000000d8000000,0x00000000d8000000)
  from space 5120K, 0% used [0x00000000d8000000,0x00000000d8000000,0x00000000d8500000)
  to   space 5120K, 0% used [0x00000000da580000,0x00000000da580000,0x00000000daa80000)
 ParOldGen       total 66048K, used 9011K [0x0000000081e00000, 0x0000000085e80000, 0x00000000d5f80000)
  object space 66048K, 13% used [0x0000000081e00000,0x00000000826cce20,0x0000000085e80000)
 Metaspace       used 24532K, capacity 25002K, committed 25136K, reserved 1071104K
  class space    used 2926K, capacity 3089K, committed 3120K, reserved 1048576K
Event: 3.870 GC heap after
Heap after GC invocations=5 (full 1):
 PSYoungGen      total 54272K, used 5102K [0x00000000d5f80000, 0x00000000daa80000, 0x0000000100000000)
  eden space 49152K, 0% used [0x00000000d5f80000,0x00000000d5f80000,0x00000000d8f80000)
  from space 5120K, 99% used [0x00000000da580000,0x00000000daa7bb38,0x00000000daa80000)
  to   space 5120K, 0% used [0x00000000da080000,0x00000000da080000,0x00000000da580000)
 ParOldGen       total 66048K, used 11527K [0x0000000081e00000, 0x0000000085e80000, 0x00000000d5f80000)
  object space 66048K, 17% used [0x0000000081e00000,0x0000000082941df0,0x0000000085e80000)
 Metaspace       used 24532K, capacity 25002K, committed 25136K, reserved 1071104K
  class space    used 2926K, capacity 3089K, committed 3120K, reserved 1048576K
}
Event: 5.688 GC heap before
{Heap before GC invocations=6 (full 1):
 PSYoungGen      total 54272K, used 54254K [0x00000000d5f80000, 0x00000000daa80000, 0x0000000100000000)
  eden space 49152K, 100% used [0x00000000d5f80000,0x00000000d8f80000,0x00000000d8f80000)
  from space 5120K, 99% used [0x00000000da580000,0x00000000daa7bb38,0x00000000daa80000)
  to   space 5120K, 0% used [0x00000000da080000,0x00000000da080000,0x00000000da580000)
 ParOldGen       total 66048K, used 11527K [0x0000000081e00000, 0x0000000085e80000, 0x00000000d5f80000)
  object space 66048K, 17% used [0x0000000081e00000,0x0000000082941df0,0x0000000085e80000)
 Metaspace       used 33664K, capacity 34080K, committed 34480K, reserved 1079296K
  class space    used 4316K, capacity 4443K, committed 4528K, reserved 1048576K
Event: 5.713 GC heap after
Heap after GC invocations=6 (full 1):
 PSYoungGen      total 71680K, used 5099K [0x00000000d5f80000, 0x00000000dc580000, 0x0000000100000000)
  eden space 66560K, 0% used [0x00000000d5f80000,0x00000000d5f80000,0x00000000da080000)
  from space 5120K, 99% used [0x00000000da080000,0x00000000da57add8,0x00000000da580000)
  to   space 16384K, 0% used [0x00000000db580000,0x00000000db580000,0x00000000dc580000)
 ParOldGen       total 66048K, used 23925K [0x0000000081e00000, 0x0000000085e80000, 0x00000000d5f80000)
  object space 66048K, 36% used [0x0000000081e00000,0x000000008355d600,0x0000000085e80000)
 Metaspace       used 33664K, capacity 34080K, committed 34480K, reserved 1079296K
  class space    used 4316K, capacity 4443K, committed 4528K, reserved 1048576K
}
Event: 6.022 GC heap before
{Heap before GC invocations=7 (full 1):
 PSYoungGen      total 71680K, used 10453K [0x00000000d5f80000, 0x00000000dc580000, 0x0000000100000000)
  eden space 66560K, 8% used [0x00000000d5f80000,0x00000000d64ba938,0x00000000da080000)
  from space 5120K, 99% used [0x00000000da080000,0x00000000da57add8,0x00000000da580000)
  to   space 16384K, 0% used [0x00000000db580000,0x00000000db580000,0x00000000dc580000)
 ParOldGen       total 66048K, used 23925K [0x0000000081e00000, 0x0000000085e80000, 0x00000000d5f80000)
  object space 66048K, 36% used [0x0000000081e00000,0x000000008355d600,0x0000000085e80000)
 Metaspace       used 34731K, capacity 35258K, committed 35496K, reserved 1081344K
  class space    used 4423K, capacity 4562K, committed 4656K, reserved 1048576K
Event: 6.038 GC heap after
Heap after GC invocations=7 (full 1):
 PSYoungGen      total 88064K, used 6107K [0x00000000d5f80000, 0x00000000de400000, 0x0000000100000000)
  eden space 71680K, 0% used [0x00000000d5f80000,0x00000000d5f80000,0x00000000da580000)
  from space 16384K, 37% used [0x00000000db580000,0x00000000dbb76f10,0x00000000dc580000)
  to   space 16384K, 0% used [0x00000000da580000,0x00000000da580000,0x00000000db580000)
 ParOldGen       total 66048K, used 23986K [0x0000000081e00000, 0x0000000085e80000, 0x00000000d5f80000)
  object space 66048K, 36% used [0x0000000081e00000,0x000000008356ca60,0x0000000085e80000)
 Metaspace       used 34731K, capacity 35258K, committed 35496K, reserved 1081344K
  class space    used 4423K, capacity 4562K, committed 4656K, reserved 1048576K
}
Event: 6.038 GC heap before
{Heap before GC invocations=8 (full 2):
 PSYoungGen      total 88064K, used 6107K [0x00000000d5f80000, 0x00000000de400000, 0x0000000100000000)
  eden space 71680K, 0% used [0x00000000d5f80000,0x00000000d5f80000,0x00000000da580000)
  from space 16384K, 37% used [0x00000000db580000,0x00000000dbb76f10,0x00000000dc580000)
  to   space 16384K, 0% used [0x00000000da580000,0x00000000da580000,0x00000000db580000)
 ParOldGen       total 66048K, used 23986K [0x0000000081e00000, 0x0000000085e80000, 0x00000000d5f80000)
  object space 66048K, 36% used [0x0000000081e00000,0x000000008356ca60,0x0000000085e80000)
 Metaspace       used 34731K, capacity 35258K, committed 35496K, reserved 1081344K
  class space    used 4423K, capacity 4562K, committed 4656K, reserved 1048576K
Event: 6.169 GC heap after
Heap after GC invocations=8 (full 2):
 PSYoungGen      total 88064K, used 0K [0x00000000d5f80000, 0x00000000de400000, 0x0000000100000000)
  eden space 71680K, 0% used [0x00000000d5f80000,0x00000000d5f80000,0x00000000da580000)
  from space 16384K, 0% used [0x00000000db580000,0x00000000db580000,0x00000000dc580000)
  to   space 16384K, 0% used [0x00000000da580000,0x00000000da580000,0x00000000db580000)
 ParOldGen       total 66048K, used 14995K [0x0000000081e00000, 0x0000000085e80000, 0x00000000d5f80000)
  object space 66048K, 22% used [0x0000000081e00000,0x0000000082ca4f30,0x0000000085e80000)
 Metaspace       used 34731K, capacity 35258K, committed 35496K, reserved 1081344K
  class space    used 4423K, capacity 4562K, committed 4656K, reserved 1048576K
}

Deoptimization events (10 events):
Event: 5.927 Thread 0x0000000003075800 Uncommon trap: reason=class_check action=maybe_recompile pc=0x0000000003678784 method=org.jetbrains.kotlin.com.intellij.util.text.ByteArrayCharSequence.toBytesIfPossible(Ljava/lang/CharSequence;)[B @ 25
Event: 5.952 Thread 0x0000000003075800 Uncommon trap: reason=unstable_if action=reinterpret pc=0x000000000391bdb4 method=org.jetbrains.kotlin.parsing.SemanticWhitespaceAwarePsiBuilderImpl.getJoinedTokenType(Lorg/jetbrains/kotlin/com/intellij/psi/tree/IElementType;I)Lorg/jetbrains/kotlin/com/in
Event: 6.279 Thread 0x0000000003075800 Uncommon trap: reason=bimorphic action=maybe_recompile pc=0x000000000375b2c0 method=org.jetbrains.kotlin.protobuf.CodedInputStream.tryRefillBuffer(I)Z @ 177
Event: 6.282 Thread 0x0000000003075800 Uncommon trap: reason=bimorphic action=maybe_recompile pc=0x000000000375b2c0 method=org.jetbrains.kotlin.protobuf.CodedInputStream.tryRefillBuffer(I)Z @ 177
Event: 6.284 Thread 0x0000000003075800 Uncommon trap: reason=bimorphic action=maybe_recompile pc=0x000000000375b2c0 method=org.jetbrains.kotlin.protobuf.CodedInputStream.tryRefillBuffer(I)Z @ 177
Event: 6.295 Thread 0x0000000003075800 Uncommon trap: reason=bimorphic action=maybe_recompile pc=0x000000000375b2c0 method=org.jetbrains.kotlin.protobuf.CodedInputStream.tryRefillBuffer(I)Z @ 177
Event: 6.377 Thread 0x0000000003075800 Uncommon trap: reason=bimorphic action=maybe_recompile pc=0x0000000003762860 method=org.jetbrains.kotlin.protobuf.CodedInputStream.tryRefillBuffer(I)Z @ 177
Event: 6.826 Thread 0x0000000003075800 Uncommon trap: reason=unstable_if action=reinterpret pc=0x000000000385de5c method=java.lang.AbstractStringBuilder.append(Ljava/lang/CharSequence;)Ljava/lang/AbstractStringBuilder; @ 29
Event: 6.983 Thread 0x0000000003075800 Uncommon trap: reason=unstable_if action=reinterpret pc=0x0000000003a005a0 method=java.text.StringCharacterIterator.current()C @ 19
Event: 7.592 Thread 0x0000000003075800 Uncommon trap: reason=unstable_if action=reinterpret pc=0x0000000003a9def8 method=gnu.trove.TObjectHash.insertionIndex(Ljava/lang/Object;)I @ 167

Classes redefined (0 events):
No events

Internal exceptions (10 events):
Event: 2.339 Thread 0x0000000003075800 Exception <a 'java/lang/NoSuchMethodError': java.lang.Object.lambda$static$0()J> (0x00000000d619d988) thrown at [C:\src\AOSP-openjdk-git\hotspot\src\share\vm\interpreter\linkResolver.cpp, line 620]
Event: 2.569 Thread 0x0000000003075800 Exception <a 'java/lang/NoSuchMethodError': java.lang.Object.lambda$static$0(I)[Lorg/jetbrains/kotlin/com/intellij/openapi/editor/event/DocumentListener;> (0x00000000d68f08a0) thrown at [C:\src\AOSP-openjdk-git\hotspot\src\share\vm\interpreter\linkResolve
Event: 2.618 Thread 0x0000000003075800 Exception <a 'java/lang/NoSuchMethodError': java.lang.Object.lambda$static$0(I)[Lorg/jetbrains/kotlin/com/intellij/psi/PsiAnnotation;> (0x00000000d6b0d1e8) thrown at [C:\src\AOSP-openjdk-git\hotspot\src\share\vm\interpreter\linkResolver.cpp, line 620]
Event: 2.767 Thread 0x0000000003075800 Exception <a 'java/lang/NoSuchMethodError': java.lang.Object.lambda$static$0(I)[Lorg/jetbrains/kotlin/com/intellij/psi/PsiElement;> (0x00000000d7054c70) thrown at [C:\src\AOSP-openjdk-git\hotspot\src\share\vm\interpreter\linkResolver.cpp, line 620]
Event: 4.295 Thread 0x0000000003075800 Exception <a 'java/lang/ArrayIndexOutOfBoundsException': 126> (0x00000000d6acf6b0) thrown at [C:\src\AOSP-openjdk-git\hotspot\src\share\vm\interpreter\interpreterRuntime.cpp, line 368]
Event: 5.827 Thread 0x0000000003075800 Exception <a 'java/lang/NoSuchMethodError': java.lang.Object.lambda$static$0(I)[Lorg/jetbrains/kotlin/psi/KtExpression;> (0x00000000d6077f08) thrown at [C:\src\AOSP-openjdk-git\hotspot\src\share\vm\interpreter\linkResolver.cpp, line 620]
Event: 5.877 Thread 0x0000000003075800 Implicit null exception at 0x00000000038ff190 to 0x00000000038ff255
Event: 6.018 Thread 0x0000000003075800 Exception <a 'java/lang/NoSuchMethodError': java.lang.Object.lambda$static$0(I)[Lorg/jetbrains/kotlin/psi/KtDeclaration;> (0x00000000d6398038) thrown at [C:\src\AOSP-openjdk-git\hotspot\src\share\vm\interpreter\linkResolver.cpp, line 620]
Event: 6.462 Thread 0x0000000003075800 Exception <a 'java/lang/NoSuchMethodError': java.lang.Object.lambda$static$0(I)[Lorg/jetbrains/kotlin/psi/KtTypeElement;> (0x00000000d67bff10) thrown at [C:\src\AOSP-openjdk-git\hotspot\src\share\vm\interpreter\linkResolver.cpp, line 620]
Event: 6.835 Thread 0x0000000003075800 Exception <a 'java/lang/NoSuchMethodError': java.lang.Object.lambda$static$0(I)[Lorg/jetbrains/kotlin/com/intellij/psi/PsiClass;> (0x00000000d7408178) thrown at [C:\src\AOSP-openjdk-git\hotspot\src\share\vm\interpreter\linkResolver.cpp, line 620]

Events (10 events):
Event: 7.726 loading class org/jetbrains/kotlin/resolve/calls/inference/CapturedType
Event: 7.726 loading class org/jetbrains/kotlin/resolve/calls/inference/CapturedType done
Event: 7.728 loading class org/jetbrains/kotlin/resolve/calls/inference/CapturedTypeConstructorImpl
Event: 7.728 loading class org/jetbrains/kotlin/resolve/calls/inference/CapturedTypeConstructorImpl done
Event: 7.729 loading class org/jetbrains/kotlin/resolve/calls/inference/CapturedTypeConstructor
Event: 7.729 loading class org/jetbrains/kotlin/resolve/calls/inference/CapturedTypeConstructor done
Event: 7.732 loading class org/jetbrains/kotlin/resolve/constants/ConstantValueFactory
Event: 7.732 loading class org/jetbrains/kotlin/resolve/constants/ConstantValueFactory done
Event: 7.734 loading class org/jetbrains/kotlin/resolve/constants/ArrayValue
Event: 7.734 loading class org/jetbrains/kotlin/resolve/constants/ArrayValue done


Dynamic libraries:
0x00007ff655e20000 - 0x00007ff655e51000 	C:\Program Files\Android\Android Studio\jre\jre\bin\java.exe
0x00007ff9e1cf0000 - 0x00007ff9e1ee4000 	C:\WINDOWS\SYSTEM32\ntdll.dll
0x00007ff9e0ec0000 - 0x00007ff9e0f7d000 	C:\WINDOWS\System32\KERNEL32.DLL
0x00007ff9df440000 - 0x00007ff9df707000 	C:\WINDOWS\System32\KERNELBASE.dll
0x00007ff9e0240000 - 0x00007ff9e02ea000 	C:\WINDOWS\System32\ADVAPI32.dll
0x00007ff9e0c10000 - 0x00007ff9e0cae000 	C:\WINDOWS\System32\msvcrt.dll
0x00007ff9e13b0000 - 0x00007ff9e144b000 	C:\WINDOWS\System32\sechost.dll
0x00007ff9e1280000 - 0x00007ff9e13a3000 	C:\WINDOWS\System32\RPCRT4.dll
0x00007ff9dff30000 - 0x00007ff9e00d0000 	C:\WINDOWS\System32\USER32.dll
0x00007ff9dfd30000 - 0x00007ff9dfd52000 	C:\WINDOWS\System32\win32u.dll
0x00007ff9e1450000 - 0x00007ff9e147a000 	C:\WINDOWS\System32\GDI32.dll
0x00007ff9df740000 - 0x00007ff9df84a000 	C:\WINDOWS\System32\gdi32full.dll
0x00007ff9dfc90000 - 0x00007ff9dfd2d000 	C:\WINDOWS\System32\msvcp_win.dll
0x00007ff9dfb90000 - 0x00007ff9dfc90000 	C:\WINDOWS\System32\ucrtbase.dll
0x00007ff9ce210000 - 0x00007ff9ce4aa000 	C:\WINDOWS\WinSxS\amd64_microsoft.windows.common-controls_6595b64144ccf1df_6.0.19041.1_none_b555e41d4684ddec\COMCTL32.dll
0x00007ff9e1050000 - 0x00007ff9e1080000 	C:\WINDOWS\System32\IMM32.DLL
0x0000000069860000 - 0x0000000069932000 	C:\Program Files\Android\Android Studio\jre\jre\bin\msvcr100.dll
0x000000006a0c0000 - 0x000000006a90b000 	C:\Program Files\Android\Android Studio\jre\jre\bin\server\jvm.dll
0x00007ff9dff00000 - 0x00007ff9dff08000 	C:\WINDOWS\System32\PSAPI.DLL
0x00007ff9cfee0000 - 0x00007ff9cfee9000 	C:\WINDOWS\SYSTEM32\WSOCK32.dll
0x00007ff9e11b0000 - 0x00007ff9e121b000 	C:\WINDOWS\System32\WS2_32.dll
0x00007ff9cf0e0000 - 0x00007ff9cf107000 	C:\WINDOWS\SYSTEM32\WINMM.dll
0x00007ff9d3880000 - 0x00007ff9d388a000 	C:\WINDOWS\SYSTEM32\VERSION.dll
0x00007ff9ce950000 - 0x00007ff9ce95f000 	C:\Program Files\Android\Android Studio\jre\jre\bin\verify.dll
0x00007ff9ce920000 - 0x00007ff9ce949000 	C:\Program Files\Android\Android Studio\jre\jre\bin\java.dll
0x00007ff9ce900000 - 0x00007ff9ce916000 	C:\Program Files\Android\Android Studio\jre\jre\bin\zip.dll
0x00007ff9e03b0000 - 0x00007ff9e0ae4000 	C:\WINDOWS\System32\SHELL32.dll
0x00007ff9dcb90000 - 0x00007ff9dd31e000 	C:\WINDOWS\SYSTEM32\windows.storage.dll
0x00007ff9e18f0000 - 0x00007ff9e1c43000 	C:\WINDOWS\System32\combase.dll
0x00007ff9deec0000 - 0x00007ff9deeeb000 	C:\WINDOWS\SYSTEM32\Wldp.dll
0x00007ff9e0b50000 - 0x00007ff9e0bfe000 	C:\WINDOWS\System32\SHCORE.dll
0x00007ff9e0cb0000 - 0x00007ff9e0d05000 	C:\WINDOWS\System32\shlwapi.dll
0x00007ff9df380000 - 0x00007ff9df39f000 	C:\WINDOWS\SYSTEM32\profapi.dll
0x00007ff9ce8e0000 - 0x00007ff9ce8fa000 	C:\Program Files\Android\Android Studio\jre\jre\bin\net.dll
0x00007ff9dec40000 - 0x00007ff9decaa000 	C:\WINDOWS\system32\mswsock.dll
0x00007ff9ce5c0000 - 0x00007ff9ce5d3000 	C:\Program Files\Android\Android Studio\jre\jre\bin\nio.dll

VM Arguments:
java_command: org.jetbrains.kotlin.cli.jvm.K2JVMCompiler -Xallow-no-source-files -classpath C:\Users\hieuuu\AndroidStudioProjects\tuan3\app\build\intermediates\compile_and_runtime_not_namespaced_r_class_jar\debug\R.jar;C:\Users\hieuuu\.gradle\caches\transforms-2\files-2.1\d8ecf77db437180f5945578a4d2539b5\jetified-kotlin-android-extensions-runtime-1.3.72.jar;C:\Users\hieuuu\.gradle\caches\transforms-2\files-2.1\2b6b96522d22b7652f6d99d150e49a3a\jetified-core-ktx-1.5.0-alpha01-api.jar;C:\Users\hieuuu\.gradle\caches\transforms-2\files-2.1\9a5eb1e946bc472a67e02c8d438374e0\jetified-kotlin-stdlib-jdk7-1.3.72.jar;C:\Users\hieuuu\.gradle\caches\transforms-2\files-2.1\d7918a34a298ce6afd050963fe8285f4\jetified-kotlin-stdlib-1.3.72.jar;C:\Users\hieuuu\.gradle\caches\transforms-2\files-2.1\7a610442c037d944b5571b97c8bc4008\jetified-kotlin-stdlib-common-1.3.72.jar;C:\Users\hieuuu\.gradle\caches\transforms-2\files-2.1\b5ebe2cccd14b8a63e84eff597aa9d39\jetified-annotations-13.0.jar;C:\Users\hieuuu\.gradle\caches\transforms-2\files-2.1\6346ad293ce0dc7ca4519590745d37e2\appcompat-1.1.0-api.jar;C:\Users\hieuuu\.gradle\caches\transforms-2\files-2.1\1ccc9d73b46191f18ae1a80381d358da\recyclerview-1.0.0-api.jar;C:\Users\hieuuu\.gradle\caches\transforms-2\files-2.1\bad9133806d0e6c17c5a646b095e10cf\fragment-1.1.0-api.jar;C:\Users\hieuuu\.gradle\caches\transforms-2\files-2.1\573ac89088ae58f443ffe889cc5549e3\jetified-appcompat-resources-1.1.0-api.jar;C:\Users\hieuuu\.gradle\caches\transforms-2\files-2.1\76ac490a79001efa758e2a1c2afa7914\legacy-support-core-ui-1.0.0-api.jar;C:\Users\hieuuu\.gradle\caches\transforms-2\files-2.1\bbaf16160d0fa95398e1045beb1d0010\drawerlayout-1.0.0-api.jar;C:\Users\hieuuu\.gradle\caches\transforms-2\files-2.1\3fd228e3ff76b95fe97ea7f2e2a78818\viewpager-1.0.0-api.jar;C:\Users\hieuuu\.gradle\caches\transforms-2\files-2.1\386c0595479ea5eee63013ad1ca3f96e\legacy-support-core-utils-1.0.0-api.jar;C:\Users\hieuuu\.gradle\caches\transforms-2\files-2.1\88de42c7f900dd67b54e6b21
java_class_path (initial): C:\Users\hieuuu\.gradle\caches\modules-2\files-2.1\org.jetbrains.kotlin\kotlin-compiler-embeddable\1.3.72\fb72232c8fa977d5e07d33c43381ddbdc5edab6\kotlin-compiler-embeddable-1.3.72.jar;C:\Users\hieuuu\.gradle\caches\modules-2\files-2.1\org.jetbrains.kotlin\kotlin-reflect\1.3.72\86613e1a669a701b0c660bfd2af4f82a7ae11fca\kotlin-reflect-1.3.72.jar;C:\Users\hieuuu\.gradle\caches\modules-2\files-2.1\org.jetbrains.kotlin\kotlin-stdlib\1.3.72\8032138f12c0180bc4e51fe139d4c52b46db6109\kotlin-stdlib-1.3.72.jar;C:\Users\hieuuu\.gradle\caches\modules-2\files-2.1\org.jetbrains.kotlin\kotlin-script-runtime\1.3.72\657d8d34d91e1964b4439378c09933e840bfe8d5\kotlin-script-runtime-1.3.72.jar;C:\Users\hieuuu\.gradle\caches\modules-2\files-2.1\org.jetbrains.kotlin\kotlin-daemon-embeddable\1.3.72\53bbaa2816dbf6bdb85f629451b1fcc88f2164d2\kotlin-daemon-embeddable-1.3.72.jar;C:\Users\hieuuu\.gradle\caches\modules-2\files-2.1\org.jetbrains.intellij.deps\trove4j\1.0.20181211\216c2e14b070f334479d800987affe4054cd563f\trove4j-1.0.20181211.jar;C:\Users\hieuuu\.gradle\caches\modules-2\files-2.1\org.jetbrains.kotlin\kotlin-stdlib-common\1.3.72\6ca8bee3d88957eaaaef077c41c908c9940492d8\kotlin-stdlib-common-1.3.72.jar;C:\Users\hieuuu\.gradle\caches\modules-2\files-2.1\org.jetbrains\annotations\13.0\919f0dfe192fb4e063e7dacadee7f8bb9a2672a9\annotations-13.0.jar;C:\Program Files\Android\Android Studio\jre\lib\tools.jar
Launcher Type: SUN_STANDARD

Environment Variables:
PATH=C:\WINDOWS\system32;C:\WINDOWS;C:\WINDOWS\System32\Wbem;C:\WINDOWS\System32\WindowsPowerShell\v1.0\;C:\WINDOWS\System32\OpenSSH\;C:\Program Files\Git\cmd;C:\Program Files\dotnet\;C:\Program Files\MySQL\MySQL Shell 8.0\bin\;C:\Users\hieuuu\AppData\Local\Microsoft\WindowsApps;C:\Users\hieuuu\AppData\Local\GitHubDesktop\bin;%USERPROFILE%\AppData\Local\Microsoft\WindowsApps;
USERNAME=hieuuu
OS=Windows_NT
PROCESSOR_IDENTIFIER=Intel64 Family 6 Model 69 Stepping 1, GenuineIntel



---------------  S Y S T E M  ---------------

OS: Windows 10.0 , 64 bit Build 19041 (10.0.19041.292)

CPU:total 4 (initial active 4) (2 cores per cpu, 2 threads per core) family 6 model 69 stepping 1, cmov, cx8, fxsr, mmx, sse, sse2, sse3, ssse3, sse4.1, sse4.2, popcnt, avx, avx2, aes, clmul, erms, lzcnt, ht, tsc, tscinvbit, bmi1, bmi2

Memory: 4k page, physical 8265648k(768968k free), swap 14665516k(5676k free)

vm_info: OpenJDK 64-Bit Server VM (25.242-b01) for windows-amd64 JRE (1.8.0_242-release-1644-b01), built by "builder" with MS VC++ 10.0 (VS2010)

time: Mon Jul 13 09:48:24 2020
timezone: SE Asia Standard Time
elapsed time: 7 seconds (0d 0h 0m 7s)

