#
# There is insufficient memory for the Java Runtime Environment to continue.
# Native memory allocation (malloc) failed to allocate 783856 bytes for Chunk::new
# Possible reasons:
#   The system is out of physical RAM or swap space
#   The process is running with CompressedOops enabled, and the Java Heap may be blocking the growth of the native heap
# Possible solutions:
#   Reduce memory load on the system
#   Increase physical memory or swap space
#   Check if swap backing store is full
#   Decrease Java heap size (-Xmx/-Xms)
#   Decrease number of Java threads
#   Decrease Java thread stack sizes (-Xss)
#   Set larger code cache with -XX:ReservedCodeCacheSize=
#   JVM is running with Unscaled Compressed Oops mode in which the Java heap is
#     placed in the first 4GB address space. The Java Heap base address is the
#     maximum limit for the native heap growth. Please use -XX:HeapBaseMinAddress
#     to set the Java Heap base and to place the Java Heap above 4GB virtual address.
# This output file may be truncated or incomplete.
#
#  Out of Memory Error (allocation.cpp:389), pid=2120, tid=0x0000000000002acc
#
# JRE version: OpenJDK Runtime Environment (8.0_242-b01) (build 1.8.0_242-release-1644-b01)
# Java VM: OpenJDK 64-Bit Server VM (25.242-b01 mixed mode windows-amd64 compressed oops)
# Failed to write core dump. Minidumps are not enabled by default on client versions of Windows
#

---------------  T H R E A D  ---------------

Current thread (0x0000000015d2a000):  JavaThread "C2 CompilerThread1" daemon [_thread_in_native, id=10956, stack(0x0000000017470000,0x0000000017570000)]

Stack: [0x0000000017470000,0x0000000017570000]
[error occurred during error reporting (printing stack bounds), id 0xc0000005]

Native frames: (J=compiled Java code, j=interpreted, Vv=VM code, C=native code)


Current CompileTask:
C2:4146022 20399   !   4       java.io.ObjectInputStream::readObject0 (671 bytes)


---------------  P R O C E S S  ---------------

Java Threads: ( => current thread )
  0x00000000198ee800 JavaThread "ForkJoinPool.commonPool-worker-0" daemon [_thread_in_native, id=8280, stack(0x0000000026af0000,0x0000000026bf0000)]
  0x00000000198ed800 JavaThread "WorkerExecutor Queue Thread 5" [_thread_blocked, id=14228, stack(0x00000000269f0000,0x0000000026af0000)]
  0x000000001eb3a800 JavaThread "WorkerExecutor Queue Thread 4" [_thread_blocked, id=11620, stack(0x00000000268f0000,0x00000000269f0000)]
  0x000000001eb3a000 JavaThread "WorkerExecutor Queue Thread 3" [_thread_blocked, id=8784, stack(0x00000000267f0000,0x00000000268f0000)]
  0x000000001eb39000 JavaThread "WorkerExecutor Queue Thread 2" [_thread_blocked, id=15272, stack(0x00000000265f0000,0x00000000266f0000)]
  0x000000001eb37800 JavaThread "WorkerExecutor Queue" [_thread_blocked, id=9208, stack(0x000000001b290000,0x000000001b390000)]
  0x000000001eb3e800 JavaThread "RMI TCP Connection(7)-127.0.0.1" daemon [_thread_in_native, id=1188, stack(0x00000000266f0000,0x00000000267f0000)]
  0x000000001eb34800 JavaThread "Cache worker for execution history cache (C:\Users\hieuuu\AndroidStudioProjects\tuan3\.gradle\6.1.1\executionHistory)" [_thread_blocked, id=4972, stack(0x00000000264f0000,0x00000000265f0000)]
  0x000000001eb38800 JavaThread "Execution worker for ':' Thread 3" [_thread_blocked, id=6012, stack(0x00000000262f0000,0x00000000263f0000)]
  0x000000001eb33000 JavaThread "Execution worker for ':' Thread 2" [_thread_blocked, id=15260, stack(0x00000000261f0000,0x00000000262f0000)]
  0x000000001eb36000 JavaThread "Execution worker for ':'" [_thread_blocked, id=1344, stack(0x0000000025ef0000,0x0000000025ff0000)]
  0x000000001eb37000 JavaThread "Cache worker for file content cache (C:\Users\hieuuu\AndroidStudioProjects\tuan3\.gradle\6.1.1\fileContent)" [_thread_blocked, id=10392, stack(0x0000000025950000,0x0000000025a50000)]
  0x000000001ef5e000 JavaThread "Cache worker for Build Output Cleanup Cache (C:\Users\hieuuu\AndroidStudioProjects\tuan3\.gradle\buildOutputCleanup)" [_thread_blocked, id=5404, stack(0x0000000022070000,0x0000000022170000)]
  0x000000001ef5d000 JavaThread "Build operations Thread 4" [_thread_blocked, id=8760, stack(0x0000000021970000,0x0000000021a70000)]
  0x000000001ef5c800 JavaThread "Build operations Thread 3" [_thread_blocked, id=8524, stack(0x0000000021870000,0x0000000021970000)]
  0x000000001ef5b000 JavaThread "Build operations Thread 2" [_thread_blocked, id=12696, stack(0x000000001e870000,0x000000001e970000)]
  0x000000001ef53800 JavaThread "Build operations" [_thread_blocked, id=8368, stack(0x000000001e4d0000,0x000000001e5d0000)]
  0x000000001ef5a000 JavaThread "Cache worker for cache directory md-rule (C:\Users\hieuuu\.gradle\caches\6.1.1\md-rule)" [_thread_blocked, id=6956, stack(0x000000001e3d0000,0x000000001e4d0000)]
  0x000000001ef58800 JavaThread "Cache worker for cache directory md-supplier (C:\Users\hieuuu\.gradle\caches\6.1.1\md-supplier)" [_thread_blocked, id=10752, stack(0x000000001e130000,0x000000001e230000)]
  0x000000001ef57000 JavaThread "Cache worker for file hash cache (C:\Users\hieuuu\AndroidStudioProjects\tuan3\.gradle\6.1.1\fileHashes)" [_thread_blocked, id=12476, stack(0x000000001e030000,0x000000001e130000)]
  0x000000001ef58000 JavaThread "Cache worker for checksums cache (C:\Users\hieuuu\AndroidStudioProjects\tuan3\.gradle\checksums)" [_thread_blocked, id=8312, stack(0x000000001df30000,0x000000001e030000)]
  0x000000001ef56800 JavaThread "Thread-148" [_thread_blocked, id=7368, stack(0x000000001b590000,0x000000001b690000)]
  0x000000001ef55800 JavaThread "Asynchronous log dispatcher for DefaultDaemonConnection: socket connection from /127.0.0.1:54286 to /127.0.0.1:52977" [_thread_blocked, id=552, stack(0x000000001b190000,0x000000001b290000)]
  0x000000001ef4f800 JavaThread "Daemon worker Thread 6" [_thread_blocked, id=2948, stack(0x000000001ae90000,0x000000001af90000)]
  0x000000001ef52800 JavaThread "Cancel handler" [_thread_blocked, id=13296, stack(0x000000001ac90000,0x000000001ad90000)]
  0x000000001ef52000 JavaThread "Handler for socket connection from /127.0.0.1:54286 to /127.0.0.1:52977" [_thread_in_native, id=6092, stack(0x0000000000870000,0x0000000000970000)]
  0x000000001ef50800 JavaThread "Daemon Thread 6" [_thread_blocked, id=12716, stack(0x0000000000770000,0x0000000000870000)]
  0x000000001eb34000 JavaThread "RMI RenewClean-[127.0.0.1:17613,org.jetbrains.kotlin.daemon.common.LoopbackNetworkInterface$ClientLoopbackSocketFactory@230bf1fd]" daemon [_thread_in_native, id=10112, stack(0x0000000025ff0000,0x00000000260f0000)]
  0x0000000019ae9800 JavaThread "Cache worker for Java compile cache (C:\Users\hieuuu\.gradle\caches\6.1.1\javaCompile)" [_thread_blocked, id=7840, stack(0x00000000276f0000,0x00000000277f0000)]
  0x00000000198e9000 JavaThread "RMI Reaper" [_thread_blocked, id=6076, stack(0x00000000274f0000,0x00000000275f0000)]
  0x00000000198ea000 JavaThread "RMI TCP Accept-0" daemon [_thread_in_native, id=9364, stack(0x00000000273f0000,0x00000000274f0000)]
  0x00000000198ed000 JavaThread "GC Daemon" daemon [_thread_blocked, id=4692, stack(0x00000000272f0000,0x00000000273f0000)]
  0x00000000198f0000 JavaThread "RMI Scheduler(0)" daemon [_thread_blocked, id=9268, stack(0x00000000260f0000,0x00000000261f0000)]
  0x000000001eb35800 JavaThread "Cache worker for file content cache (C:\Users\hieuuu\.gradle\caches\6.1.1\fileContent)" [_thread_blocked, id=11096, stack(0x0000000024510000,0x0000000024610000)]
  0x000000001eb31000 JavaThread "Memory manager" [_thread_blocked, id=13144, stack(0x0000000022170000,0x0000000022270000)]
  0x0000000019827800 JavaThread "Cache worker for execution history cache (C:\Users\hieuuu\.gradle\caches\6.1.1\executionHistory)" [_thread_blocked, id=7824, stack(0x000000001e2d0000,0x000000001e3d0000)]
  0x0000000019825800 JavaThread "Cache worker for file hash cache (C:\Users\hieuuu\.gradle\caches\6.1.1\fileHashes)" [_thread_blocked, id=8156, stack(0x000000001ba90000,0x000000001bb90000)]
  0x0000000019822800 JavaThread "File lock request listener" [_thread_in_native, id=1068, stack(0x000000001b990000,0x000000001ba90000)]
  0x0000000019821800 JavaThread "Cache worker for journal cache (C:\Users\hieuuu\.gradle\caches\journal-1)" [_thread_blocked, id=11668, stack(0x000000001b890000,0x000000001b990000)]
  0x00000000196c3800 JavaThread "Daemon periodic checks" [_thread_blocked, id=12444, stack(0x000000001ad90000,0x000000001ae90000)]
  0x00000000196df800 JavaThread "Incoming local TCP Connector on port 54286" [_thread_in_native, id=3456, stack(0x000000001aa50000,0x000000001ab50000)]
  0x0000000017ce3000 JavaThread "Daemon health stats" [_thread_blocked, id=12000, stack(0x000000001a410000,0x000000001a510000)]
  0x0000000017687000 JavaThread "Service Thread" daemon [_thread_blocked, id=12720, stack(0x0000000017a70000,0x0000000017b70000)]
  0x0000000015d30800 JavaThread "C1 CompilerThread2" daemon [_thread_blocked, id=7156, stack(0x0000000017570000,0x0000000017670000)]
=>0x0000000015d2a000 JavaThread "C2 CompilerThread1" daemon [_thread_in_native, id=10956, stack(0x0000000017470000,0x0000000017570000)]
  0x0000000015d20000 JavaThread "C2 CompilerThread0" daemon [_thread_in_native, id=5400, stack(0x0000000017370000,0x0000000017470000)]
  0x0000000015d26000 JavaThread "Attach Listener" daemon [_thread_blocked, id=10076, stack(0x0000000017270000,0x0000000017370000)]
  0x0000000015d24800 JavaThread "Signal Dispatcher" daemon [_thread_blocked, id=10760, stack(0x0000000017170000,0x0000000017270000)]
  0x00000000023ab000 JavaThread "Finalizer" daemon [_thread_blocked, id=11300, stack(0x0000000016f70000,0x0000000017070000)]
  0x0000000015d09000 JavaThread "Reference Handler" daemon [_thread_blocked, id=12924, stack(0x0000000016e70000,0x0000000016f70000)]
  0x00000000022ae000 JavaThread "main" [_thread_blocked, id=2984, stack(0x0000000002160000,0x0000000002260000)]

Other Threads:
  0x0000000015ce6000 VMThread [stack: 0x0000000016d70000,0x0000000016e70000] [id=9528]
  0x0000000017687800 WatcherThread [stack: 0x0000000017b70000,0x0000000017c70000] [id=11432]

VM state:not at safepoint (normal execution)

VM Mutex/Monitor currently owned by a thread: None

heap address: 0x00000000a0000000, size: 1536 MB, Compressed Oops mode: 32-bit
Narrow klass base: 0x0000000000000000, Narrow klass shift: 3
Compressed class space size: 1073741824 Address: 0x0000000100000000

Heap:
 PSYoungGen      total 292352K, used 248261K [0x00000000e0000000, 0x00000000f5e00000, 0x0000000100000000)
  eden space 245760K, 89% used [0x00000000e0000000,0x00000000ed64ff60,0x00000000ef000000)
  from space 46592K, 61% used [0x00000000ef000000,0x00000000f0c21700,0x00000000f1d80000)
  to   space 47616K, 0% used [0x00000000f2f80000,0x00000000f2f80000,0x00000000f5e00000)
 ParOldGen       total 199168K, used 77920K [0x00000000a0000000, 0x00000000ac280000, 0x00000000e0000000)
  object space 199168K, 39% used [0x00000000a0000000,0x00000000a4c18268,0x00000000ac280000)
 Metaspace       used 109165K, capacity 114858K, committed 115096K, reserved 1148928K
  class space    used 14381K, capacity 15424K, committed 15536K, reserved 1048576K

Card table byte_map: [0x0000000011770000,0x0000000011a80000] byte_map_base: 0x0000000011270000

Marking Bits: (ParMarkBitMap*) 0x000000006a88f030
 Begin Bits: [0x0000000012080000, 0x0000000013880000)
 End Bits:   [0x0000000013880000, 0x0000000015080000)

Polling page: 0x00000000001f0000

CodeCache: size=245760Kb used=55843Kb max_used=55861Kb free=189916Kb
 bounds [0x00000000023b0000, 0x0000000005a90000, 0x00000000113b0000]
 total_blobs=17338 nmethods=16357 adapters=892
 compilation: enabled

Compilation events (10 events):
Event: 4145.893 Thread 0x0000000015d30800 20400       3       java.io.ObjectInputStream::defaultReadObject (87 bytes)
Event: 4145.894 Thread 0x0000000015d30800 nmethod 20400 0x0000000005a69e50 code [0x0000000005a6a080, 0x0000000005a6ab38]
Event: 4145.918 Thread 0x0000000015d30800 20402       3       sun.security.provider.DigestBase::engineReset (33 bytes)
Event: 4145.919 Thread 0x0000000015d30800 nmethod 20402 0x0000000005a65190 code [0x0000000005a65300, 0x0000000005a655b8]
Event: 4145.930 Thread 0x0000000015d30800 20403       3       com.android.zipflinger.ZipMap::readLocalFields (93 bytes)
Event: 4145.931 Thread 0x0000000015d30800 nmethod 20403 0x0000000005a7e790 code [0x0000000005a7e9e0, 0x0000000005a7f6c8]
Event: 4145.934 Thread 0x0000000015d2a000 nmethod 20328 0x0000000005a834d0 code [0x0000000005a837a0, 0x0000000005a85778]
Event: 4145.934 Thread 0x0000000015d2a000 20401       4       java.security.MessageDigest::digest (12 bytes)
Event: 4145.937 Thread 0x0000000015d2a000 nmethod 20401 0x0000000005a66c10 code [0x0000000005a66d80, 0x0000000005a66fa8]
Event: 4145.937 Thread 0x0000000015d2a000 20399   !   4       java.io.ObjectInputStream::readObject0 (671 bytes)

GC Heap History (10 events):
Event: 3504.441 GC heap before
{Heap before GC invocations=21 (full 3):
 PSYoungGen      total 247808K, used 42225K [0x00000000e0000000, 0x00000000f2300000, 0x0000000100000000)
  eden space 235520K, 12% used [0x00000000e0000000,0x00000000e1da0418,0x00000000ee600000)
  from space 12288K, 96% used [0x00000000eee80000,0x00000000efa1c050,0x00000000efa80000)
  to   space 31232K, 0% used [0x00000000f0480000,0x00000000f0480000,0x00000000f2300000)
 ParOldGen       total 129536K, used 70567K [0x00000000a0000000, 0x00000000a7e80000, 0x00000000e0000000)
  object space 129536K, 54% used [0x00000000a0000000,0x00000000a44e9f70,0x00000000a7e80000)
 Metaspace       used 93763K, capacity 98496K, committed 98584K, reserved 1134592K
  class space    used 12365K, capacity 13286K, committed 13360K, reserved 1048576K
Event: 3504.471 GC heap after
Heap after GC invocations=21 (full 3):
 PSYoungGen      total 247296K, used 12624K [0x00000000e0000000, 0x00000000f1800000, 0x0000000100000000)
  eden space 227328K, 0% used [0x00000000e0000000,0x00000000e0000000,0x00000000ede00000)
  from space 19968K, 63% used [0x00000000f0480000,0x00000000f10d4070,0x00000000f1800000)
  to   space 29696K, 0% used [0x00000000ede00000,0x00000000ede00000,0x00000000efb00000)
 ParOldGen       total 129536K, used 70575K [0x00000000a0000000, 0x00000000a7e80000, 0x00000000e0000000)
  object space 129536K, 54% used [0x00000000a0000000,0x00000000a44ebf70,0x00000000a7e80000)
 Metaspace       used 93763K, capacity 98496K, committed 98584K, reserved 1134592K
  class space    used 12365K, capacity 13286K, committed 13360K, reserved 1048576K
}
Event: 3504.472 GC heap before
{Heap before GC invocations=22 (full 4):
 PSYoungGen      total 247296K, used 12624K [0x00000000e0000000, 0x00000000f1800000, 0x0000000100000000)
  eden space 227328K, 0% used [0x00000000e0000000,0x00000000e0000000,0x00000000ede00000)
  from space 19968K, 63% used [0x00000000f0480000,0x00000000f10d4070,0x00000000f1800000)
  to   space 29696K, 0% used [0x00000000ede00000,0x00000000ede00000,0x00000000efb00000)
 ParOldGen       total 129536K, used 70575K [0x00000000a0000000, 0x00000000a7e80000, 0x00000000e0000000)
  object space 129536K, 54% used [0x00000000a0000000,0x00000000a44ebf70,0x00000000a7e80000)
 Metaspace       used 93763K, capacity 98496K, committed 98584K, reserved 1134592K
  class space    used 12365K, capacity 13286K, committed 13360K, reserved 1048576K
Event: 3505.377 GC heap after
Heap after GC invocations=22 (full 4):
 PSYoungGen      total 247296K, used 0K [0x00000000e0000000, 0x00000000f1800000, 0x0000000100000000)
  eden space 227328K, 0% used [0x00000000e0000000,0x00000000e0000000,0x00000000ede00000)
  from space 19968K, 0% used [0x00000000f0480000,0x00000000f0480000,0x00000000f1800000)
  to   space 29696K, 0% used [0x00000000ede00000,0x00000000ede00000,0x00000000efb00000)
 ParOldGen       total 199168K, used 52606K [0x00000000a0000000, 0x00000000ac280000, 0x00000000e0000000)
  object space 199168K, 26% used [0x00000000a0000000,0x00000000a335f970,0x00000000ac280000)
 Metaspace       used 92952K, capacity 96960K, committed 98584K, reserved 1134592K
  class space    used 12203K, capacity 12973K, committed 13360K, reserved 1048576K
}
Event: 3512.475 GC heap before
{Heap before GC invocations=23 (full 4):
 PSYoungGen      total 247296K, used 227328K [0x00000000e0000000, 0x00000000f1800000, 0x0000000100000000)
  eden space 227328K, 100% used [0x00000000e0000000,0x00000000ede00000,0x00000000ede00000)
  from space 19968K, 0% used [0x00000000f0480000,0x00000000f0480000,0x00000000f1800000)
  to   space 29696K, 0% used [0x00000000ede00000,0x00000000ede00000,0x00000000efb00000)
 ParOldGen       total 199168K, used 52606K [0x00000000a0000000, 0x00000000ac280000, 0x00000000e0000000)
  object space 199168K, 26% used [0x00000000a0000000,0x00000000a335f970,0x00000000ac280000)
 Metaspace       used 106620K, capacity 111738K, committed 111896K, reserved 1146880K
  class space    used 14086K, capacity 15006K, committed 15152K, reserved 1048576K
Event: 3512.611 GC heap after
Heap after GC invocations=23 (full 4):
 PSYoungGen      total 257024K, used 29678K [0x00000000e0000000, 0x00000000f4900000, 0x0000000100000000)
  eden space 227328K, 0% used [0x00000000e0000000,0x00000000e0000000,0x00000000ede00000)
  from space 29696K, 99% used [0x00000000ede00000,0x00000000efafb808,0x00000000efb00000)
  to   space 43520K, 0% used [0x00000000f1e80000,0x00000000f1e80000,0x00000000f4900000)
 ParOldGen       total 199168K, used 77896K [0x00000000a0000000, 0x00000000ac280000, 0x00000000e0000000)
  object space 199168K, 39% used [0x00000000a0000000,0x00000000a4c12268,0x00000000ac280000)
 Metaspace       used 106620K, capacity 111738K, committed 111896K, reserved 1146880K
  class space    used 14086K, capacity 15006K, committed 15152K, reserved 1048576K
}
Event: 3782.595 GC heap before
{Heap before GC invocations=24 (full 4):
 PSYoungGen      total 257024K, used 257006K [0x00000000e0000000, 0x00000000f4900000, 0x0000000100000000)
  eden space 227328K, 100% used [0x00000000e0000000,0x00000000ede00000,0x00000000ede00000)
  from space 29696K, 99% used [0x00000000ede00000,0x00000000efafb808,0x00000000efb00000)
  to   space 43520K, 0% used [0x00000000f1e80000,0x00000000f1e80000,0x00000000f4900000)
 ParOldGen       total 199168K, used 77896K [0x00000000a0000000, 0x00000000ac280000, 0x00000000e0000000)
  object space 199168K, 39% used [0x00000000a0000000,0x00000000a4c12268,0x00000000ac280000)
 Metaspace       used 108516K, capacity 113950K, committed 114200K, reserved 1148928K
  class space    used 14339K, capacity 15352K, committed 15408K, reserved 1048576K
Event: 3782.676 GC heap after
Heap after GC invocations=24 (full 4):
 PSYoungGen      total 289280K, used 33470K [0x00000000e0000000, 0x00000000f4b00000, 0x0000000100000000)
  eden space 245760K, 0% used [0x00000000e0000000,0x00000000e0000000,0x00000000ef000000)
  from space 43520K, 76% used [0x00000000f1e80000,0x00000000f3f2fb00,0x00000000f4900000)
  to   space 46592K, 0% used [0x00000000ef000000,0x00000000ef000000,0x00000000f1d80000)
 ParOldGen       total 199168K, used 77896K [0x00000000a0000000, 0x00000000ac280000, 0x00000000e0000000)
  object space 199168K, 39% used [0x00000000a0000000,0x00000000a4c12268,0x00000000ac280000)
 Metaspace       used 108516K, capacity 113950K, committed 114200K, reserved 1148928K
  class space    used 14339K, capacity 15352K, committed 15408K, reserved 1048576K
}
Event: 4140.965 GC heap before
{Heap before GC invocations=25 (full 4):
 PSYoungGen      total 289280K, used 279230K [0x00000000e0000000, 0x00000000f4b00000, 0x0000000100000000)
  eden space 245760K, 100% used [0x00000000e0000000,0x00000000ef000000,0x00000000ef000000)
  from space 43520K, 76% used [0x00000000f1e80000,0x00000000f3f2fb00,0x00000000f4900000)
  to   space 46592K, 0% used [0x00000000ef000000,0x00000000ef000000,0x00000000f1d80000)
 ParOldGen       total 199168K, used 77896K [0x00000000a0000000, 0x00000000ac280000, 0x00000000e0000000)
  object space 199168K, 39% used [0x00000000a0000000,0x00000000a4c12268,0x00000000ac280000)
 Metaspace       used 109042K, capacity 114776K, committed 115096K, reserved 1148928K
  class space    used 14378K, capacity 15421K, committed 15536K, reserved 1048576K
Event: 4141.898 GC heap after
Heap after GC invocations=25 (full 4):
 PSYoungGen      total 292352K, used 28805K [0x00000000e0000000, 0x00000000f5e00000, 0x0000000100000000)
  eden space 245760K, 0% used [0x00000000e0000000,0x00000000e0000000,0x00000000ef000000)
  from space 46592K, 61% used [0x00000000ef000000,0x00000000f0c21700,0x00000000f1d80000)
  to   space 47616K, 0% used [0x00000000f2f80000,0x00000000f2f80000,0x00000000f5e00000)
 ParOldGen       total 199168K, used 77920K [0x00000000a0000000, 0x00000000ac280000, 0x00000000e0000000)
  object space 199168K, 39% used [0x00000000a0000000,0x00000000a4c18268,0x00000000ac280000)
 Metaspace       used 109042K, capacity 114776K, committed 115096K, reserved 1148928K
  class space    used 14378K, capacity 15421K, committed 15536K, reserved 1048576K
}

Deoptimization events (10 events):
Event: 4142.062 Thread 0x000000001eb3a000 Uncommon trap: reason=unstable_if action=reinterpret pc=0x000000000518a3c4 method=com.android.tools.r8.ir.conversion.o.a(Lcom/android/tools/r8/ir/conversion/N;IZ)V @ 428
Event: 4142.857 Thread 0x000000001eb37800 Uncommon trap: reason=unstable_if action=reinterpret pc=0x000000000535180c method=com.android.tools.r8.dex.n.m()V @ 1414
Event: 4144.287 Thread 0x000000001eb37800 Uncommon trap: reason=null_check action=make_not_entrant pc=0x00000000059a2f34 method=com.android.tools.r8.s.a.b.h.a(Ljava/lang/Object;)V @ 71
Event: 4145.267 Thread 0x000000001eb3d800 Uncommon trap: reason=unstable_if action=reinterpret pc=0x0000000005a0660c method=java.util.TimSort.mergeLo(IIII)V @ 513
Event: 4145.861 Thread 0x000000001eb38800 Uncommon trap: reason=unstable_if action=reinterpret pc=0x0000000004b9237c method=org.gradle.internal.snapshot.SnapshotUtil.handlePrefix(Ljava/lang/String;Lorg/gradle/internal/snapshot/VfsRelativePath;Lorg/gradle/internal/snapshot/CaseSensitivity;Lorg/gra
Event: 4145.864 Thread 0x000000001eb38800 Uncommon trap: reason=class_check action=maybe_recompile pc=0x0000000003a972d0 method=org.gradle.internal.fingerprint.classpath.impl.ClasspathFingerprintingStrategy$ClasspathContentFingerprintingVisitor.visitFile(Lorg/gradle/internal/snapshot/CompleteFile
Event: 4145.916 Thread 0x000000001eb39000 Uncommon trap: reason=class_check action=maybe_recompile pc=0x0000000002b04898 method=java.io.DataInputStream.readUnsignedShort()I @ 4
Event: 4145.917 Thread 0x000000001eb39000 Uncommon trap: reason=class_check action=maybe_recompile pc=0x0000000002b04898 method=java.io.DataInputStream.readUnsignedShort()I @ 4
Event: 4145.922 Thread 0x000000001eb39000 Uncommon trap: reason=class_check action=maybe_recompile pc=0x0000000004cdba9c method=com.google.common.collect.ImmutableMap.copyOf(Ljava/lang/Iterable;)Lcom/google/common/collect/ImmutableMap; @ 53
Event: 4145.923 Thread 0x000000001eb39000 Uncommon trap: reason=unstable_if action=reinterpret pc=0x0000000004830a5c method=java.util.stream.StreamOpFlag.getMask(I)I @ 1

Classes redefined (0 events):
No events

Internal exceptions (10 events):
Event: 4140.732 Thread 0x000000001eb36000 Exception <a 'sun/nio/fs/WindowsException'> (0x00000000ee5b5578) thrown at [C:\src\AOSP-openjdk-git\hotspot\src\share\vm\prims\jni.cpp, line 710]
Event: 4140.732 Thread 0x000000001eb36000 Exception <a 'sun/nio/fs/WindowsException'> (0x00000000ee5b7330) thrown at [C:\src\AOSP-openjdk-git\hotspot\src\share\vm\prims\jni.cpp, line 710]
Event: 4140.732 Thread 0x000000001eb36000 Exception <a 'sun/nio/fs/WindowsException'> (0x00000000ee5b7fd0) thrown at [C:\src\AOSP-openjdk-git\hotspot\src\share\vm\prims\jni.cpp, line 710]
Event: 4140.732 Thread 0x000000001eb36000 Exception <a 'sun/nio/fs/WindowsException'> (0x00000000ee5b8d10) thrown at [C:\src\AOSP-openjdk-git\hotspot\src\share\vm\prims\jni.cpp, line 710]
Event: 4142.010 Thread 0x000000001eb3a000 Exception <a 'sun/nio/fs/WindowsException'> (0x00000000e03e7828) thrown at [C:\src\AOSP-openjdk-git\hotspot\src\share\vm\prims\jni.cpp, line 710]
Event: 4142.217 Thread 0x000000001eb3a000 Exception <a 'sun/nio/fs/WindowsException'> (0x00000000e06629c8) thrown at [C:\src\AOSP-openjdk-git\hotspot\src\share\vm\prims\jni.cpp, line 710]
Event: 4142.221 Thread 0x000000001eb3a000 Exception <a 'sun/nio/fs/WindowsException'> (0x00000000e0670938) thrown at [C:\src\AOSP-openjdk-git\hotspot\src\share\vm\prims\jni.cpp, line 710]
Event: 4142.539 Thread 0x000000001eb37800 Exception <a 'sun/nio/fs/WindowsException'> (0x00000000e1516f50) thrown at [C:\src\AOSP-openjdk-git\hotspot\src\share\vm\prims\jni.cpp, line 710]
Event: 4144.273 Thread 0x000000001eb34000 Exception <a 'java/net/ConnectException': Connection refused: connect> (0x00000000e02f16f0) thrown at [C:\src\AOSP-openjdk-git\hotspot\src\share\vm\prims\jni.cpp, line 737]
Event: 4145.747 Thread 0x000000001eb3d800 Exception <a 'sun/nio/fs/WindowsException'> (0x00000000ecb75b40) thrown at [C:\src\AOSP-openjdk-git\hotspot\src\share\vm\prims\jni.cpp, line 710]

Events (10 events):
Event: 4145.917 Thread 0x000000001eb39000 Uncommon trap: trap_request=0xffffffde fr.pc=0x0000000002b04898
Event: 4145.917 Thread 0x000000001eb39000 DEOPT PACKING pc=0x0000000002b04898 sp=0x00000000266ee1a0
Event: 4145.917 Thread 0x000000001eb39000 DEOPT UNPACKING pc=0x00000000023f557b sp=0x00000000266ee0e8 mode 2
Event: 4145.922 Thread 0x000000001eb39000 Uncommon trap: trap_request=0xffffffde fr.pc=0x0000000004cdba9c
Event: 4145.922 Thread 0x000000001eb39000 DEOPT PACKING pc=0x0000000004cdba9c sp=0x00000000266ee540
Event: 4145.922 Thread 0x000000001eb39000 DEOPT UNPACKING pc=0x00000000023f557b sp=0x00000000266ee4f8 mode 2
Event: 4145.923 Thread 0x000000001eb39000 Uncommon trap: trap_request=0xffffff65 fr.pc=0x0000000004830a5c
Event: 4145.924 Thread 0x000000001eb39000 DEOPT PACKING pc=0x0000000004830a5c sp=0x00000000266ee3a0
Event: 4145.924 Thread 0x000000001eb39000 DEOPT UNPACKING pc=0x00000000023f557b sp=0x00000000266ee278 mode 2
Event: 4145.951 Thread 0x00000000198ee800 Thread added: 0x00000000198ee800


Dynamic libraries:
0x00007ff674190000 - 0x00007ff6741c1000 	C:\Program Files\Android\Android Studio\jre\bin\java.exe
0x00007ff9e1cf0000 - 0x00007ff9e1ee4000 	C:\WINDOWS\SYSTEM32\ntdll.dll
0x00007ff9e0ec0000 - 0x00007ff9e0f7d000 	C:\WINDOWS\System32\KERNEL32.DLL
0x00007ff9df440000 - 0x00007ff9df707000 	C:\WINDOWS\System32\KERNELBASE.dll
0x00007ff9e0240000 - 0x00007ff9e02ea000 	C:\WINDOWS\System32\ADVAPI32.dll
0x00007ff9e0c10000 - 0x00007ff9e0cae000 	C:\WINDOWS\System32\msvcrt.dll
0x00007ff9e13b0000 - 0x00007ff9e144b000 	C:\WINDOWS\System32\sechost.dll
0x00007ff9e1280000 - 0x00007ff9e13a3000 	C:\WINDOWS\System32\RPCRT4.dll
0x00007ff9dff30000 - 0x00007ff9e00d0000 	C:\WINDOWS\System32\USER32.dll
0x00007ff9dfd30000 - 0x00007ff9dfd52000 	C:\WINDOWS\System32\win32u.dll
0x00007ff9e1450000 - 0x00007ff9e147a000 	C:\WINDOWS\System32\GDI32.dll
0x00007ff9df740000 - 0x00007ff9df84a000 	C:\WINDOWS\System32\gdi32full.dll
0x00007ff9dfc90000 - 0x00007ff9dfd2d000 	C:\WINDOWS\System32\msvcp_win.dll
0x00007ff9dfb90000 - 0x00007ff9dfc90000 	C:\WINDOWS\System32\ucrtbase.dll
0x00007ff9ce210000 - 0x00007ff9ce4aa000 	C:\WINDOWS\WinSxS\amd64_microsoft.windows.common-controls_6595b64144ccf1df_6.0.19041.1_none_b555e41d4684ddec\COMCTL32.dll
0x00007ff9e1050000 - 0x00007ff9e1080000 	C:\WINDOWS\System32\IMM32.DLL
0x0000000069860000 - 0x0000000069932000 	C:\Program Files\Android\Android Studio\jre\jre\bin\msvcr100.dll
0x000000006a0c0000 - 0x000000006a90b000 	C:\Program Files\Android\Android Studio\jre\jre\bin\server\jvm.dll
0x00007ff9dff00000 - 0x00007ff9dff08000 	C:\WINDOWS\System32\PSAPI.DLL
0x00007ff9cfee0000 - 0x00007ff9cfee9000 	C:\WINDOWS\SYSTEM32\WSOCK32.dll
0x00007ff9cf0e0000 - 0x00007ff9cf107000 	C:\WINDOWS\SYSTEM32\WINMM.dll
0x00007ff9e11b0000 - 0x00007ff9e121b000 	C:\WINDOWS\System32\WS2_32.dll
0x00007ff9d3880000 - 0x00007ff9d388a000 	C:\WINDOWS\SYSTEM32\VERSION.dll
0x00007ff9ce950000 - 0x00007ff9ce95f000 	C:\Program Files\Android\Android Studio\jre\jre\bin\verify.dll
0x00007ff9ce920000 - 0x00007ff9ce949000 	C:\Program Files\Android\Android Studio\jre\jre\bin\java.dll
0x00007ff9ce900000 - 0x00007ff9ce916000 	C:\Program Files\Android\Android Studio\jre\jre\bin\zip.dll
0x00007ff9e03b0000 - 0x00007ff9e0ae4000 	C:\WINDOWS\System32\SHELL32.dll
0x00007ff9dcb90000 - 0x00007ff9dd31e000 	C:\WINDOWS\SYSTEM32\windows.storage.dll
0x00007ff9e18f0000 - 0x00007ff9e1c43000 	C:\WINDOWS\System32\combase.dll
0x00007ff9deec0000 - 0x00007ff9deeeb000 	C:\WINDOWS\SYSTEM32\Wldp.dll
0x00007ff9e0b50000 - 0x00007ff9e0bfe000 	C:\WINDOWS\System32\SHCORE.dll
0x00007ff9e0cb0000 - 0x00007ff9e0d05000 	C:\WINDOWS\System32\shlwapi.dll
0x00007ff9df380000 - 0x00007ff9df39f000 	C:\WINDOWS\SYSTEM32\profapi.dll
0x00007ff9ce8e0000 - 0x00007ff9ce8fa000 	C:\Program Files\Android\Android Studio\jre\jre\bin\net.dll
0x00007ff9dec40000 - 0x00007ff9decaa000 	C:\WINDOWS\system32\mswsock.dll
0x00007ff9ce5c0000 - 0x00007ff9ce5d3000 	C:\Program Files\Android\Android Studio\jre\jre\bin\nio.dll
0x00007ff9c1b50000 - 0x00007ff9c1b76000 	C:\Users\hieuuu\.gradle\native\31\windows-amd64\native-platform.dll
0x00007ff9ce5b0000 - 0x00007ff9ce5bd000 	C:\Program Files\Android\Android Studio\jre\jre\bin\management.dll
0x00007ff9dee10000 - 0x00007ff9dee28000 	C:\WINDOWS\SYSTEM32\CRYPTSP.dll
0x00007ff9de560000 - 0x00007ff9de594000 	C:\WINDOWS\system32\rsaenh.dll
0x00007ff9df710000 - 0x00007ff9df737000 	C:\WINDOWS\System32\bcrypt.dll
0x00007ff9df300000 - 0x00007ff9df32e000 	C:\WINDOWS\SYSTEM32\USERENV.dll
0x00007ff9dfa60000 - 0x00007ff9dfadf000 	C:\WINDOWS\System32\bcryptprimitives.dll
0x00007ff9dee30000 - 0x00007ff9dee3c000 	C:\WINDOWS\SYSTEM32\CRYPTBASE.dll
0x00007ff9de8e0000 - 0x00007ff9de91b000 	C:\WINDOWS\SYSTEM32\IPHLPAPI.DLL
0x00007ff9e03a0000 - 0x00007ff9e03a9000 	C:\WINDOWS\System32\NSI.dll
0x00007ff9d6400000 - 0x00007ff9d6417000 	C:\WINDOWS\SYSTEM32\dhcpcsvc6.DLL
0x00007ff9d66f0000 - 0x00007ff9d670d000 	C:\WINDOWS\SYSTEM32\dhcpcsvc.DLL
0x00007ff9de920000 - 0x00007ff9de9ea000 	C:\WINDOWS\SYSTEM32\DNSAPI.dll
0x00007ff9b3a30000 - 0x00007ff9b3a54000 	C:\Program Files\Android\Android Studio\jre\jre\bin\sunec.dll
0x00007ff9d81b0000 - 0x00007ff9d81ba000 	C:\Windows\System32\rasadhlp.dll
0x00007ff9cf000000 - 0x00007ff9cf07f000 	C:\WINDOWS\System32\fwpuclnt.dll
0x00007ff9cdde0000 - 0x00007ff9cddeb000 	C:\Program Files\Android\Android Studio\jre\jre\bin\sunmscapi.dll
0x00007ff9df900000 - 0x00007ff9dfa5d000 	C:\WINDOWS\System32\CRYPT32.dll
0x00007ff9d7730000 - 0x00007ff9d774e000 	C:\Users\hieuuu\AppData\Local\Temp\native-platform4603113165822247435dir\native-platform.dll

VM Arguments:
jvm_args: -Xmx1536m -Dfile.encoding=windows-1252 -Duser.country=US -Duser.language=en -Duser.variant 
java_command: org.gradle.launcher.daemon.bootstrap.GradleDaemon 6.1.1
java_class_path (initial): C:\Users\hieuuu\.gradle\wrapper\dists\gradle-6.1.1-all\cfmwm155h49vnt3hynmlrsdst\gradle-6.1.1\lib\gradle-launcher-6.1.1.jar
Launcher Type: SUN_STANDARD

Environment Variables:
PATH=C:\WINDOWS\system32;C:\WINDOWS;C:\WINDOWS\System32\Wbem;C:\WINDOWS\System32\WindowsPowerShell\v1.0\;C:\WINDOWS\System32\OpenSSH\;C:\Program Files\Git\cmd;C:\Program Files\dotnet\;C:\Program Files\MySQL\MySQL Shell 8.0\bin\;C:\Users\hieuuu\AppData\Local\Microsoft\WindowsApps;C:\Users\hieuuu\AppData\Local\GitHubDesktop\bin;%USERPROFILE%\AppData\Local\Microsoft\WindowsApps;
USERNAME=hieuuu
OS=Windows_NT
PROCESSOR_IDENTIFIER=Intel64 Family 6 Model 69 Stepping 1, GenuineIntel



---------------  S Y S T E M  ---------------

OS: Windows 10.0 , 64 bit Build 19041 (10.0.19041.292)

CPU:total 4 (initial active 4) (2 cores per cpu, 2 threads per core) family 6 model 69 stepping 1, cmov, cx8, fxsr, mmx, sse, sse2, sse3, ssse3, sse4.1, sse4.2, popcnt, avx, avx2, aes, clmul, erms, lzcnt, ht, tsc, tscinvbit, bmi1, bmi2

Memory: 4k page, physical 8265648k(297616k free), swap 14665516k(3288k free)

vm_info: OpenJDK 64-Bit Server VM (25.242-b01) for windows-amd64 JRE (1.8.0_242-release-1644-b01), built by "builder" with MS VC++ 10.0 (VS2010)

time: Mon Jul 13 09:53:40 2020
timezone: SE Asia Standard Time
elapsed time: 4146 seconds (0d 1h 9m 6s)

